<?xml version="1.0" encoding="UTF-8"?>
<coverage generated="1752769418529" clover="3.2.0">
  <project timestamp="1752769418529" name="All files">
    <metrics statements="219" coveredstatements="172" conditionals="93" coveredconditionals="69" methods="54" coveredmethods="42" elements="366" coveredelements="283" complexity="0" loc="219" ncloc="219" packages="1" files="6" classes="6"/>
    <file name="config.ts" path="/Users/austin/shinzolabs/shinzo/packages/instrumentation-mcp/src/config.ts">
      <metrics statements="17" coveredstatements="15" conditionals="22" coveredconditionals="16" methods="2" coveredmethods="2"/>
      <line num="3" count="3" type="stmt"/>
      <line num="15" count="3" type="stmt"/>
      <line num="17" count="59" type="cond" truecount="3" falsecount="0"/>
      <line num="19" count="57" type="cond" truecount="1" falsecount="0"/>
      <line num="22" count="1" type="stmt"/>
      <line num="24" count="56" type="cond" truecount="0" falsecount="1"/>
      <line num="27" count="0" type="stmt"/>
      <line num="29" count="56" type="cond" truecount="0" falsecount="1"/>
      <line num="32" count="0" type="stmt"/>
      <line num="34" count="56" type="cond" truecount="1" falsecount="0"/>
      <line num="38" count="7" type="cond" truecount="3" falsecount="0"/>
      <line num="40" count="3" type="cond" truecount="1" falsecount="0"/>
      <line num="41" count="2" type="stmt"/>
      <line num="43" count="2" type="cond" truecount="0" falsecount="1"/>
      <line num="44" count="2" type="stmt"/>
      <line num="46" count="2" type="cond" truecount="2" falsecount="1"/>
      <line num="47" count="2" type="stmt"/>
    </file>
    <file name="index.ts" path="/Users/austin/shinzolabs/shinzo/packages/instrumentation-mcp/src/index.ts">
      <metrics statements="15" coveredstatements="11" conditionals="0" coveredconditionals="0" methods="9" coveredmethods="4"/>
      <line num="1" count="2" type="stmt"/>
      <line num="2" count="2" type="stmt"/>
      <line num="8" count="2" type="stmt"/>
      <line num="12" count="16" type="stmt"/>
      <line num="13" count="15" type="stmt"/>
      <line num="14" count="15" type="stmt"/>
      <line num="16" count="15" type="stmt"/>
      <line num="18" count="0" type="stmt"/>
      <line num="21" count="0" type="stmt"/>
      <line num="24" count="0" type="stmt"/>
      <line num="27" count="0" type="stmt"/>
      <line num="30" count="17" type="stmt"/>
      <line num="35" count="2" type="stmt"/>
      <line num="36" count="4" type="stmt"/>
      <line num="37" count="4" type="stmt"/>
    </file>
    <file name="instrumentation.ts" path="/Users/austin/shinzolabs/shinzo/packages/instrumentation-mcp/src/instrumentation.ts">
      <metrics statements="46" coveredstatements="21" conditionals="10" coveredconditionals="4" methods="15" coveredmethods="11"/>
      <line num="2" count="2" type="stmt"/>
      <line num="3" count="2" type="stmt"/>
      <line num="6" count="2" type="stmt"/>
      <line num="9" count="30" type="stmt"/>
      <line num="12" count="30" type="stmt"/>
      <line num="13" count="30" type="stmt"/>
      <line num="17" count="27" type="cond" truecount="1" falsecount="0"/>
      <line num="19" count="26" type="stmt"/>
      <line num="20" count="26" type="stmt"/>
      <line num="21" count="26" type="stmt"/>
      <line num="22" count="26" type="stmt"/>
      <line num="23" count="26" type="stmt"/>
      <line num="24" count="26" type="stmt"/>
      <line num="25" count="26" type="stmt"/>
      <line num="26" count="26" type="stmt"/>
      <line num="27" count="26" type="stmt"/>
      <line num="28" count="26" type="stmt"/>
      <line num="32" count="26" type="cond" truecount="3" falsecount="0"/>
      <line num="33" count="1" type="stmt"/>
      <line num="36" count="25" type="stmt"/>
      <line num="38" count="25" type="stmt"/>
      <line num="39" count="0" type="stmt"/>
      <line num="40" count="0" type="cond" truecount="0" falsecount="1"/>
      <line num="41" count="0" type="stmt"/>
      <line num="43" count="0" type="stmt"/>
      <line num="80" count="0" type="stmt"/>
      <line num="81" count="0" type="stmt"/>
      <line num="83" count="0" type="stmt"/>
      <line num="88" count="0" type="stmt"/>
      <line num="93" count="0" type="stmt"/>
      <line num="98" count="0" type="stmt"/>
      <line num="99" count="0" type="stmt"/>
      <line num="107" count="0" type="stmt"/>
      <line num="108" count="0" type="stmt"/>
      <line num="113" count="0" type="stmt"/>
      <line num="115" count="0" type="stmt"/>
      <line num="116" count="0" type="stmt"/>
      <line num="117" count="0" type="stmt"/>
      <line num="119" count="0" type="stmt"/>
      <line num="120" count="0" type="stmt"/>
      <line num="123" count="0" type="stmt"/>
      <line num="124" count="0" type="stmt"/>
      <line num="126" count="0" type="stmt"/>
      <line num="131" count="0" type="stmt"/>
      <line num="133" count="0" type="cond" truecount="0" falsecount="1"/>
      <line num="135" count="0" type="stmt"/>
    </file>
    <file name="sanitizer.ts" path="/Users/austin/shinzolabs/shinzo/packages/instrumentation-mcp/src/sanitizer.ts">
      <metrics statements="28" coveredstatements="27" conditionals="13" coveredconditionals="12" methods="10" coveredmethods="9"/>
      <line num="1" count="4" type="stmt"/>
      <line num="3" count="4" type="stmt"/>
      <line num="7" count="59" type="stmt"/>
      <line num="19" count="47" type="stmt"/>
      <line num="20" count="0" type="stmt"/>
      <line num="29" count="34" type="stmt"/>
      <line num="33" count="47" type="stmt"/>
      <line num="35" count="47" type="stmt"/>
      <line num="36" count="98" type="cond" truecount="2" falsecount="0"/>
      <line num="37" count="92" type="stmt"/>
      <line num="40" count="47" type="stmt"/>
      <line num="44" count="128" type="cond" truecount="2" falsecount="0"/>
      <line num="45" count="66" type="cond" truecount="2" falsecount="0"/>
      <line num="46" count="1" type="stmt"/>
      <line num="47" count="1" type="stmt"/>
      <line num="48" count="1" type="cond" truecount="1" falsecount="1"/>
      <line num="49" count="1" type="stmt"/>
      <line num="51" count="65" type="cond" truecount="3" falsecount="0"/>
      <line num="52" count="48" type="cond" truecount="2" falsecount="0"/>
      <line num="53" count="2" type="stmt"/>
      <line num="56" count="17" type="stmt"/>
      <line num="60" count="64" type="stmt"/>
      <line num="62" count="64" type="stmt"/>
      <line num="63" count="448" type="stmt"/>
      <line num="66" count="64" type="stmt"/>
      <line num="70" count="98" type="stmt"/>
      <line num="76" count="98" type="stmt"/>
      <line num="77" count="1879" type="stmt"/>
    </file>
    <file name="telemetry.ts" path="/Users/austin/shinzolabs/shinzo/packages/instrumentation-mcp/src/telemetry.ts">
      <metrics statements="96" coveredstatements="93" conditionals="43" coveredconditionals="37" methods="16" coveredmethods="15"/>
      <line num="1" count="2" type="stmt"/>
      <line num="2" count="2" type="stmt"/>
      <line num="3" count="2" type="stmt"/>
      <line num="4" count="2" type="stmt"/>
      <line num="5" count="2" type="stmt"/>
      <line num="6" count="2" type="stmt"/>
      <line num="7" count="2" type="stmt"/>
      <line num="8" count="2" type="stmt"/>
      <line num="9" count="2" type="stmt"/>
      <line num="11" count="2" type="stmt"/>
      <line num="12" count="2" type="stmt"/>
      <line num="13" count="2" type="stmt"/>
      <line num="15" count="2" type="stmt"/>
      <line num="23" count="50" type="stmt"/>
      <line num="26" count="50" type="stmt"/>
      <line num="28" count="49" type="stmt"/>
      <line num="29" count="49" type="stmt"/>
      <line num="30" count="49" type="stmt"/>
      <line num="32" count="49" type="cond" truecount="1" falsecount="0"/>
      <line num="33" count="47" type="cond" truecount="2" falsecount="0"/>
      <line num="36" count="49" type="stmt"/>
      <line num="42" count="49" type="stmt"/>
      <line num="52" count="49" type="cond" truecount="1" falsecount="0"/>
      <line num="53" count="47" type="stmt"/>
      <line num="56" count="49" type="cond" truecount="1" falsecount="0"/>
      <line num="57" count="49" type="stmt"/>
      <line num="59" count="49" type="cond" truecount="1" falsecount="0"/>
      <line num="60" count="49" type="stmt"/>
      <line num="64" count="49" type="stmt"/>
      <line num="66" count="49" type="cond" truecount="3" falsecount="0"/>
      <line num="67" count="35" type="stmt"/>
      <line num="70" count="49" type="stmt"/>
      <line num="72" count="49" type="stmt"/>
      <line num="73" count="49" type="stmt"/>
      <line num="75" count="49" type="stmt"/>
      <line num="76" count="49" type="stmt"/>
      <line num="80" count="70" type="stmt"/>
      <line num="81" count="70" type="cond" truecount="1" falsecount="0"/>
      <line num="82" count="6" type="cond" truecount="3" falsecount="0"/>
      <line num="84" count="2" type="stmt"/>
      <line num="85" count="2" type="stmt"/>
      <line num="87" count="2" type="stmt"/>
      <line num="88" count="2" type="stmt"/>
      <line num="90" count="2" type="stmt"/>
      <line num="91" count="2" type="stmt"/>
      <line num="92" count="2" type="stmt"/>
      <line num="97" count="70" type="stmt"/>
      <line num="101" count="49" type="cond" truecount="1" falsecount="0"/>
      <line num="103" count="35" type="stmt"/>
      <line num="104" count="35" type="stmt"/>
      <line num="108" count="35" type="stmt"/>
      <line num="112" count="49" type="cond" truecount="1" falsecount="0"/>
      <line num="114" count="35" type="stmt"/>
      <line num="115" count="35" type="stmt"/>
      <line num="119" count="35" type="stmt"/>
      <line num="121" count="35" type="stmt"/>
      <line num="129" count="0" type="cond" truecount="0" falsecount="1"/>
      <line num="130" count="0" type="stmt"/>
      <line num="131" count="0" type="stmt"/>
      <line num="135" count="2" type="cond" truecount="1" falsecount="0"/>
      <line num="136" count="1" type="stmt"/>
      <line num="137" count="1" type="stmt"/>
      <line num="141" count="19" type="cond" truecount="1" falsecount="0"/>
      <line num="142" count="18" type="stmt"/>
      <line num="143" count="18" type="stmt"/>
      <line num="144" count="18" type="stmt"/>
      <line num="145" count="18" type="stmt"/>
      <line num="150" count="2" type="cond" truecount="1" falsecount="0"/>
      <line num="151" count="1" type="stmt"/>
      <line num="152" count="1" type="stmt"/>
      <line num="153" count="1" type="stmt"/>
      <line num="154" count="1" type="stmt"/>
      <line num="159" count="6" type="cond" truecount="1" falsecount="0"/>
      <line num="161" count="5" type="stmt"/>
      <line num="162" count="5" type="stmt"/>
      <line num="163" count="4" type="stmt"/>
      <line num="164" count="10" type="stmt"/>
      <line num="165" count="10" type="stmt"/>
      <line num="166" count="10" type="cond" truecount="5" falsecount="0"/>
      <line num="167" count="1" type="stmt"/>
      <line num="169" count="9" type="stmt"/>
      <line num="173" count="5" type="cond" truecount="3" falsecount="0"/>
      <line num="174" count="5" type="stmt"/>
      <line num="178" count="18" type="cond" truecount="1" falsecount="0"/>
      <line num="179" count="17" type="stmt"/>
      <line num="183" count="17" type="stmt"/>
      <line num="188" count="20" type="cond" truecount="1" falsecount="1"/>
      <line num="192" count="23" type="stmt"/>
      <line num="194" count="23" type="cond" truecount="1" falsecount="0"/>
      <line num="195" count="23" type="stmt"/>
      <line num="196" count="1" type="stmt"/>
      <line num="200" count="23" type="cond" truecount="1" falsecount="0"/>
      <line num="201" count="22" type="stmt"/>
      <line num="204" count="23" type="stmt"/>
      <line num="208" count="18" type="stmt"/>
      <line num="210" count="18" type="cond" truecount="1" falsecount="0"/>
    </file>
    <file name="utils.ts" path="/Users/austin/shinzolabs/shinzo/packages/instrumentation-mcp/src/utils.ts">
      <metrics statements="17" coveredstatements="5" conditionals="5" coveredconditionals="0" methods="2" coveredmethods="1"/>
      <line num="1" count="3" type="stmt"/>
      <line num="2" count="3" type="stmt"/>
      <line num="4" count="3" type="stmt"/>
      <line num="5" count="49" type="stmt"/>
      <line num="8" count="3" type="stmt"/>
      <line num="9" count="0" type="stmt"/>
      <line num="11" count="0" type="stmt"/>
      <line num="12" count="0" type="stmt"/>
      <line num="15" count="0" type="stmt"/>
      <line num="16" count="0" type="stmt"/>
      <line num="17" count="0" type="cond" truecount="0" falsecount="1"/>
      <line num="18" count="0" type="stmt"/>
      <line num="19" count="0" type="cond" truecount="0" falsecount="3"/>
      <line num="20" count="0" type="stmt"/>
      <line num="21" count="0" type="stmt"/>
      <line num="24" count="0" type="cond" truecount="0" falsecount="1"/>
      <line num="28" count="0" type="stmt"/>
    </file>
  </project>
</coverage>
