{"/Users/austin/shinzolabs/shinzo/packages/instrumentation-mcp/src/config.ts": {"path":"/Users/austin/shinzolabs/shinzo/packages/instrumentation-mcp/src/config.ts","statementMap":{"0":{"start":{"line":3,"column":13},"end":{"line":13,"column":null}},"1":{"start":{"line":17,"column":4},"end":{"line":17,"column":null}},"2":{"start":{"line":17,"column":71},"end":{"line":17,"column":null}},"3":{"start":{"line":19,"column":4},"end":{"line":22,"column":null}},"4":{"start":{"line":22,"column":6},"end":{"line":22,"column":null}},"5":{"start":{"line":24,"column":4},"end":{"line":27,"column":null}},"6":{"start":{"line":27,"column":6},"end":{"line":27,"column":null}},"7":{"start":{"line":29,"column":4},"end":{"line":32,"column":null}},"8":{"start":{"line":32,"column":6},"end":{"line":32,"column":null}},"9":{"start":{"line":34,"column":4},"end":{"line":34,"column":null}},"10":{"start":{"line":34,"column":29},"end":{"line":34,"column":null}},"11":{"start":{"line":38,"column":4},"end":{"line":48,"column":5}},"12":{"start":{"line":40,"column":8},"end":{"line":40,"column":null}},"13":{"start":{"line":40,"column":25},"end":{"line":40,"column":null}},"14":{"start":{"line":41,"column":8},"end":{"line":41,"column":13}},"15":{"start":{"line":43,"column":8},"end":{"line":43,"column":null}},"16":{"start":{"line":43,"column":26},"end":{"line":43,"column":null}},"17":{"start":{"line":44,"column":8},"end":{"line":44,"column":13}},"18":{"start":{"line":46,"column":8},"end":{"line":46,"column":null}},"19":{"start":{"line":46,"column":46},"end":{"line":46,"column":null}},"20":{"start":{"line":47,"column":8},"end":{"line":47,"column":13}},"21":{"start":{"line":15,"column":0},"end":{"line":15,"column":13}}},"fnMap":{"0":{"name":"(anonymous_0)","decl":{"start":{"line":16,"column":2},"end":{"line":16,"column":8}},"loc":{"start":{"line":16,"column":41},"end":{"line":35,"column":3}}},"1":{"name":"(anonymous_1)","decl":{"start":{"line":37,"column":10},"end":{"line":37,"column":16}},"loc":{"start":{"line":37,"column":52},"end":{"line":49,"column":3}}}},"branchMap":{"0":{"loc":{"start":{"line":17,"column":4},"end":{"line":17,"column":null}},"type":"if","locations":[{"start":{"line":17,"column":4},"end":{"line":17,"column":null}}]},"1":{"loc":{"start":{"line":17,"column":8},"end":{"line":17,"column":69}},"type":"binary-expr","locations":[{"start":{"line":17,"column":8},"end":{"line":17,"column":32}},{"start":{"line":17,"column":36},"end":{"line":17,"column":69}}]},"2":{"loc":{"start":{"line":19,"column":4},"end":{"line":22,"column":null}},"type":"if","locations":[{"start":{"line":19,"column":4},"end":{"line":22,"column":null}}]},"3":{"loc":{"start":{"line":20,"column":6},"end":{"line":21,"column":58}},"type":"binary-expr","locations":[{"start":{"line":20,"column":6},"end":{"line":20,"column":39}},{"start":{"line":21,"column":7},"end":{"line":21,"column":30}},{"start":{"line":21,"column":34},"end":{"line":21,"column":57}}]},"4":{"loc":{"start":{"line":24,"column":4},"end":{"line":27,"column":null}},"type":"if","locations":[{"start":{"line":24,"column":4},"end":{"line":27,"column":null}}]},"5":{"loc":{"start":{"line":25,"column":6},"end":{"line":26,"column":40}},"type":"binary-expr","locations":[{"start":{"line":25,"column":6},"end":{"line":25,"column":49}},{"start":{"line":26,"column":6},"end":{"line":26,"column":40}}]},"6":{"loc":{"start":{"line":29,"column":4},"end":{"line":32,"column":null}},"type":"if","locations":[{"start":{"line":29,"column":4},"end":{"line":32,"column":null}}]},"7":{"loc":{"start":{"line":30,"column":6},"end":{"line":31,"column":32}},"type":"binary-expr","locations":[{"start":{"line":30,"column":6},"end":{"line":30,"column":41}},{"start":{"line":31,"column":6},"end":{"line":31,"column":32}}]},"8":{"loc":{"start":{"line":34,"column":4},"end":{"line":34,"column":null}},"type":"if","locations":[{"start":{"line":34,"column":4},"end":{"line":34,"column":null}}]},"9":{"loc":{"start":{"line":38,"column":4},"end":{"line":48,"column":5}},"type":"switch","locations":[{"start":{"line":39,"column":6},"end":{"line":41,"column":13}},{"start":{"line":42,"column":6},"end":{"line":44,"column":13}},{"start":{"line":45,"column":6},"end":{"line":47,"column":13}}]},"10":{"loc":{"start":{"line":40,"column":8},"end":{"line":40,"column":null}},"type":"if","locations":[{"start":{"line":40,"column":8},"end":{"line":40,"column":null}}]},"11":{"loc":{"start":{"line":43,"column":8},"end":{"line":43,"column":null}},"type":"if","locations":[{"start":{"line":43,"column":8},"end":{"line":43,"column":null}}]},"12":{"loc":{"start":{"line":46,"column":8},"end":{"line":46,"column":null}},"type":"if","locations":[{"start":{"line":46,"column":8},"end":{"line":46,"column":null}}]},"13":{"loc":{"start":{"line":46,"column":12},"end":{"line":46,"column":44}},"type":"binary-expr","locations":[{"start":{"line":46,"column":12},"end":{"line":46,"column":26}},{"start":{"line":46,"column":30},"end":{"line":46,"column":44}}]}},"s":{"0":3,"1":59,"2":2,"3":57,"4":1,"5":56,"6":0,"7":56,"8":0,"9":56,"10":7,"11":7,"12":3,"13":1,"14":2,"15":2,"16":0,"17":2,"18":2,"19":0,"20":2,"21":3},"f":{"0":59,"1":7},"b":{"0":[2],"1":[59,2],"2":[1],"3":[57,49,49],"4":[0],"5":[56,0],"6":[0],"7":[56,0],"8":[7],"9":[3,2,2],"10":[1],"11":[0],"12":[0],"13":[2,2]}}
,"/Users/austin/shinzolabs/shinzo/packages/instrumentation-mcp/src/index.ts": {"path":"/Users/austin/shinzolabs/shinzo/packages/instrumentation-mcp/src/index.ts","statementMap":{"0":{"start":{"line":8,"column":0},"end":{"line":8,"column":16}},"1":{"start":{"line":1,"column":0},"end":{"line":1,"column":46}},"2":{"start":{"line":2,"column":0},"end":{"line":2,"column":60}},"3":{"start":{"line":12,"column":27},"end":{"line":12,"column":55}},"4":{"start":{"line":13,"column":26},"end":{"line":13,"column":80}},"5":{"start":{"line":14,"column":2},"end":{"line":14,"column":null}},"6":{"start":{"line":16,"column":2},"end":{"line":32,"column":null}},"7":{"start":{"line":18,"column":6},"end":{"line":18,"column":null}},"8":{"start":{"line":21,"column":6},"end":{"line":21,"column":null}},"9":{"start":{"line":24,"column":6},"end":{"line":24,"column":null}},"10":{"start":{"line":27,"column":6},"end":{"line":27,"column":null}},"11":{"start":{"line":30,"column":6},"end":{"line":30,"column":null}},"12":{"start":{"line":35,"column":0},"end":{"line":35,"column":9}},"13":{"start":{"line":35,"column":9},"end":{"line":35,"column":46}},"14":{"start":{"line":36,"column":0},"end":{"line":36,"column":9}},"15":{"start":{"line":36,"column":9},"end":{"line":36,"column":42}},"16":{"start":{"line":37,"column":0},"end":{"line":37,"column":9}},"17":{"start":{"line":37,"column":9},"end":{"line":37,"column":42}}},"fnMap":{"0":{"name":"initializeAgentObservability","decl":{"start":{"line":8,"column":16},"end":{"line":8,"column":44}},"loc":{"start":{"line":10,"column":25},"end":{"line":33,"column":1}}},"1":{"name":"(anonymous_1)","decl":{"start":{"line":17,"column":21},"end":{"line":17,"column":22}},"loc":{"start":{"line":17,"column":97},"end":{"line":19,"column":5}}},"2":{"name":"(anonymous_2)","decl":{"start":{"line":20,"column":18},"end":{"line":20,"column":19}},"loc":{"start":{"line":20,"column":59},"end":{"line":22,"column":5}}},"3":{"name":"(anonymous_3)","decl":{"start":{"line":23,"column":25},"end":{"line":23,"column":26}},"loc":{"start":{"line":23,"column":66},"end":{"line":25,"column":5}}},"4":{"name":"(anonymous_4)","decl":{"start":{"line":26,"column":32},"end":{"line":26,"column":33}},"loc":{"start":{"line":26,"column":46},"end":{"line":28,"column":5}}},"5":{"name":"(anonymous_5)","decl":{"start":{"line":29,"column":14},"end":{"line":29,"column":19}},"loc":{"start":{"line":29,"column":25},"end":{"line":31,"column":5}}},"6":{"name":"(anonymous_6)","decl":{"start":{"line":35,"column":9},"end":{"line":35,"column":25}},"loc":{"start":{"line":35,"column":9},"end":{"line":35,"column":46}}},"7":{"name":"(anonymous_7)","decl":{"start":{"line":36,"column":9},"end":{"line":36,"column":21}},"loc":{"start":{"line":36,"column":9},"end":{"line":36,"column":42}}},"8":{"name":"(anonymous_8)","decl":{"start":{"line":37,"column":9},"end":{"line":37,"column":24}},"loc":{"start":{"line":37,"column":9},"end":{"line":37,"column":42}}}},"branchMap":{},"s":{"0":2,"1":2,"2":2,"3":16,"4":15,"5":15,"6":15,"7":0,"8":0,"9":0,"10":0,"11":17,"12":2,"13":2,"14":2,"15":4,"16":2,"17":4},"f":{"0":16,"1":0,"2":0,"3":0,"4":0,"5":17,"6":0,"7":2,"8":2},"b":{}}
,"/Users/austin/shinzolabs/shinzo/packages/instrumentation-mcp/src/instrumentation.ts": {"path":"/Users/austin/shinzolabs/shinzo/packages/instrumentation-mcp/src/instrumentation.ts","statementMap":{"0":{"start":{"line":2,"column":0},"end":{"line":2,"column":57}},"1":{"start":{"line":3,"column":0},"end":{"line":3,"column":54}},"2":{"start":{"line":9,"column":10},"end":{"line":9,"column":null}},"3":{"start":{"line":12,"column":4},"end":{"line":12,"column":null}},"4":{"start":{"line":13,"column":4},"end":{"line":13,"column":null}},"5":{"start":{"line":17,"column":4},"end":{"line":17,"column":35}},"6":{"start":{"line":17,"column":29},"end":{"line":17,"column":35}},"7":{"start":{"line":19,"column":4},"end":{"line":19,"column":null}},"8":{"start":{"line":20,"column":4},"end":{"line":20,"column":null}},"9":{"start":{"line":21,"column":4},"end":{"line":21,"column":null}},"10":{"start":{"line":22,"column":4},"end":{"line":22,"column":null}},"11":{"start":{"line":23,"column":4},"end":{"line":23,"column":null}},"12":{"start":{"line":24,"column":4},"end":{"line":24,"column":null}},"13":{"start":{"line":25,"column":4},"end":{"line":25,"column":null}},"14":{"start":{"line":26,"column":4},"end":{"line":26,"column":null}},"15":{"start":{"line":27,"column":4},"end":{"line":27,"column":null}},"16":{"start":{"line":28,"column":4},"end":{"line":28,"column":null}},"17":{"start":{"line":32,"column":4},"end":{"line":34,"column":5}},"18":{"start":{"line":33,"column":6},"end":{"line":33,"column":12}},"19":{"start":{"line":36,"column":25},"end":{"line":36,"column":59}},"20":{"start":{"line":38,"column":4},"end":{"line":44,"column":null}},"21":{"start":{"line":39,"column":17},"end":{"line":39,"column":65}},"22":{"start":{"line":40,"column":6},"end":{"line":42,"column":7}},"23":{"start":{"line":41,"column":8},"end":{"line":41,"column":null}},"24":{"start":{"line":43,"column":6},"end":{"line":43,"column":null}},"25":{"start":{"line":80,"column":22},"end":{"line":80,"column":36}},"26":{"start":{"line":81,"column":30},"end":{"line":81,"column":46}},"27":{"start":{"line":83,"column":27},"end":{"line":86,"column":null}},"28":{"start":{"line":88,"column":28},"end":{"line":91,"column":6}},"29":{"start":{"line":93,"column":29},"end":{"line":96,"column":6}},"30":{"start":{"line":98,"column":4},"end":{"line":137,"column":null}},"31":{"start":{"line":99,"column":29},"end":{"line":105,"column":null}},"32":{"start":{"line":107,"column":6},"end":{"line":136,"column":null}},"33":{"start":{"line":108,"column":8},"end":{"line":108,"column":null}},"34":{"start":{"line":113,"column":26},"end":{"line":113,"column":36}},"35":{"start":{"line":115,"column":8},"end":{"line":121,"column":9}},"36":{"start":{"line":116,"column":10},"end":{"line":116,"column":null}},"37":{"start":{"line":117,"column":10},"end":{"line":117,"column":null}},"38":{"start":{"line":119,"column":10},"end":{"line":119,"column":null}},"39":{"start":{"line":120,"column":10},"end":{"line":120,"column":null}},"40":{"start":{"line":123,"column":24},"end":{"line":123,"column":34}},"41":{"start":{"line":124,"column":25},"end":{"line":124,"column":44}},"42":{"start":{"line":126,"column":8},"end":{"line":129,"column":null}},"43":{"start":{"line":131,"column":8},"end":{"line":131,"column":null}},"44":{"start":{"line":133,"column":8},"end":{"line":133,"column":null}},"45":{"start":{"line":133,"column":19},"end":{"line":133,"column":null}},"46":{"start":{"line":135,"column":8},"end":{"line":135,"column":null}},"47":{"start":{"line":6,"column":0},"end":{"line":6,"column":13}}},"fnMap":{"0":{"name":"(anonymous_0)","decl":{"start":{"line":11,"column":2},"end":{"line":11,"column":14}},"loc":{"start":{"line":11,"column":67},"end":{"line":14,"column":3}}},"1":{"name":"(anonymous_1)","decl":{"start":{"line":16,"column":9},"end":{"line":16,"column":19}},"loc":{"start":{"line":16,"column":19},"end":{"line":29,"column":3}}},"2":{"name":"(anonymous_2)","decl":{"start":{"line":31,"column":10},"end":{"line":31,"column":25}},"loc":{"start":{"line":31,"column":25},"end":{"line":45,"column":3}}},"3":{"name":"(anonymous_3)","decl":{"start":{"line":38,"column":23},"end":{"line":38,"column":24}},"loc":{"start":{"line":38,"column":72},"end":{"line":44,"column":5}}},"4":{"name":"(anonymous_4)","decl":{"start":{"line":47,"column":10},"end":{"line":47,"column":31}},"loc":{"start":{"line":47,"column":31},"end":{"line":49,"column":3}}},"5":{"name":"(anonymous_5)","decl":{"start":{"line":51,"column":10},"end":{"line":51,"column":24}},"loc":{"start":{"line":51,"column":24},"end":{"line":53,"column":3}}},"6":{"name":"(anonymous_6)","decl":{"start":{"line":55,"column":10},"end":{"line":55,"column":33}},"loc":{"start":{"line":55,"column":33},"end":{"line":57,"column":3}}},"7":{"name":"(anonymous_7)","decl":{"start":{"line":59,"column":10},"end":{"line":59,"column":25}},"loc":{"start":{"line":59,"column":25},"end":{"line":61,"column":3}}},"8":{"name":"(anonymous_8)","decl":{"start":{"line":63,"column":10},"end":{"line":63,"column":27}},"loc":{"start":{"line":63,"column":27},"end":{"line":65,"column":3}}},"9":{"name":"(anonymous_9)","decl":{"start":{"line":67,"column":10},"end":{"line":67,"column":29}},"loc":{"start":{"line":67,"column":29},"end":{"line":69,"column":3}}},"10":{"name":"(anonymous_10)","decl":{"start":{"line":71,"column":10},"end":{"line":71,"column":25}},"loc":{"start":{"line":71,"column":25},"end":{"line":73,"column":3}}},"11":{"name":"(anonymous_11)","decl":{"start":{"line":75,"column":10},"end":{"line":75,"column":28}},"loc":{"start":{"line":75,"column":28},"end":{"line":77,"column":3}}},"12":{"name":"(anonymous_12)","decl":{"start":{"line":79,"column":10},"end":{"line":79,"column":35}},"loc":{"start":{"line":79,"column":106},"end":{"line":138,"column":3}}},"13":{"name":"(anonymous_13)","decl":{"start":{"line":98,"column":11},"end":{"line":98,"column":16}},"loc":{"start":{"line":98,"column":33},"end":{"line":137,"column":5}}},"14":{"name":"(anonymous_14)","decl":{"start":{"line":107,"column":88},"end":{"line":107,"column":93}},"loc":{"start":{"line":107,"column":109},"end":{"line":136,"column":7}}}},"branchMap":{"0":{"loc":{"start":{"line":17,"column":4},"end":{"line":17,"column":35}},"type":"if","locations":[{"start":{"line":17,"column":4},"end":{"line":17,"column":35}}]},"1":{"loc":{"start":{"line":32,"column":4},"end":{"line":34,"column":5}},"type":"if","locations":[{"start":{"line":32,"column":4},"end":{"line":34,"column":5}}]},"2":{"loc":{"start":{"line":32,"column":8},"end":{"line":32,"column":67}},"type":"binary-expr","locations":[{"start":{"line":32,"column":8},"end":{"line":32,"column":25}},{"start":{"line":32,"column":29},"end":{"line":32,"column":67}}]},"3":{"loc":{"start":{"line":40,"column":6},"end":{"line":42,"column":7}},"type":"if","locations":[{"start":{"line":40,"column":6},"end":{"line":42,"column":7}}]},"4":{"loc":{"start":{"line":103,"column":12},"end":{"line":103,"column":47}},"type":"cond-expr","locations":[{"start":{"line":103,"column":19},"end":{"line":103,"column":42}},{"start":{"line":103,"column":45},"end":{"line":103,"column":47}}]},"5":{"loc":{"start":{"line":128,"column":24},"end":{"line":128,"column":65}},"type":"cond-expr","locations":[{"start":{"line":128,"column":33},"end":{"line":128,"column":53}},{"start":{"line":128,"column":56},"end":{"line":128,"column":65}}]},"6":{"loc":{"start":{"line":133,"column":8},"end":{"line":133,"column":null}},"type":"if","locations":[{"start":{"line":133,"column":8},"end":{"line":133,"column":null}}]}},"s":{"0":2,"1":2,"2":30,"3":30,"4":30,"5":27,"6":1,"7":26,"8":26,"9":26,"10":26,"11":26,"12":26,"13":26,"14":26,"15":26,"16":26,"17":26,"18":1,"19":25,"20":25,"21":0,"22":0,"23":0,"24":0,"25":0,"26":0,"27":0,"28":0,"29":0,"30":0,"31":0,"32":0,"33":0,"34":0,"35":0,"36":0,"37":0,"38":0,"39":0,"40":0,"41":0,"42":0,"43":0,"44":0,"45":0,"46":0,"47":2},"f":{"0":30,"1":27,"2":26,"3":0,"4":26,"5":26,"6":26,"7":26,"8":26,"9":26,"10":26,"11":26,"12":0,"13":0,"14":0},"b":{"0":[1],"1":[1],"2":[26,25],"3":[0],"4":[0,0],"5":[0,0],"6":[0]}}
,"/Users/austin/shinzolabs/shinzo/packages/instrumentation-mcp/src/sanitizer.ts": {"path":"/Users/austin/shinzolabs/shinzo/packages/instrumentation-mcp/src/sanitizer.ts","statementMap":{"0":{"start":{"line":1,"column":0},"end":{"line":1,"column":65}},"1":{"start":{"line":7,"column":4},"end":{"line":15,"column":null}},"2":{"start":{"line":19,"column":4},"end":{"line":25,"column":null}},"3":{"start":{"line":20,"column":20},"end":{"line":24,"column":8}},"4":{"start":{"line":29,"column":4},"end":{"line":29,"column":null}},"5":{"start":{"line":33,"column":43},"end":{"line":33,"column":45}},"6":{"start":{"line":35,"column":4},"end":{"line":38,"column":5}},"7":{"start":{"line":36,"column":6},"end":{"line":37,"column":null}},"8":{"start":{"line":36,"column":36},"end":{"line":36,"column":null}},"9":{"start":{"line":37,"column":11},"end":{"line":37,"column":null}},"10":{"start":{"line":40,"column":4},"end":{"line":40,"column":null}},"11":{"start":{"line":44,"column":4},"end":{"line":55,"column":5}},"12":{"start":{"line":44,"column":35},"end":{"line":44,"column":null}},"13":{"start":{"line":45,"column":9},"end":{"line":55,"column":5}},"14":{"start":{"line":46,"column":29},"end":{"line":46,"column":74}},"15":{"start":{"line":47,"column":6},"end":{"line":47,"column":null}},"16":{"start":{"line":48,"column":6},"end":{"line":48,"column":null}},"17":{"start":{"line":49,"column":6},"end":{"line":49,"column":null}},"18":{"start":{"line":51,"column":9},"end":{"line":55,"column":5}},"19":{"start":{"line":52,"column":6},"end":{"line":54,"column":null}},"20":{"start":{"line":53,"column":28},"end":{"line":53,"column":52}},"21":{"start":{"line":56,"column":4},"end":{"line":56,"column":null}},"22":{"start":{"line":60,"column":20},"end":{"line":60,"column":23}},"23":{"start":{"line":62,"column":4},"end":{"line":64,"column":5}},"24":{"start":{"line":63,"column":6},"end":{"line":63,"column":null}},"25":{"start":{"line":66,"column":4},"end":{"line":66,"column":null}},"26":{"start":{"line":70,"column":26},"end":{"line":74,"column":null}},"27":{"start":{"line":76,"column":4},"end":{"line":78,"column":null}},"28":{"start":{"line":77,"column":6},"end":{"line":77,"column":46}},"29":{"start":{"line":3,"column":0},"end":{"line":3,"column":13}}},"fnMap":{"0":{"name":"(anonymous_0)","decl":{"start":{"line":6,"column":2},"end":{"line":6,"column":null}},"loc":{"start":{"line":6,"column":2},"end":{"line":16,"column":3}}},"1":{"name":"(anonymous_1)","decl":{"start":{"line":18,"column":9},"end":{"line":18,"column":28}},"loc":{"start":{"line":18,"column":28},"end":{"line":26,"column":3}}},"2":{"name":"(anonymous_2)","decl":{"start":{"line":20,"column":14},"end":{"line":20,"column":17}},"loc":{"start":{"line":20,"column":20},"end":{"line":24,"column":8}}},"3":{"name":"(anonymous_3)","decl":{"start":{"line":28,"column":9},"end":{"line":28,"column":17}},"loc":{"start":{"line":28,"column":43},"end":{"line":30,"column":3}}},"4":{"name":"(anonymous_4)","decl":{"start":{"line":32,"column":10},"end":{"line":32,"column":24}},"loc":{"start":{"line":32,"column":33},"end":{"line":41,"column":3}}},"5":{"name":"(anonymous_5)","decl":{"start":{"line":43,"column":10},"end":{"line":43,"column":23}},"loc":{"start":{"line":43,"column":34},"end":{"line":57,"column":3}}},"6":{"name":"(anonymous_6)","decl":{"start":{"line":53,"column":20},"end":{"line":53,"column":24}},"loc":{"start":{"line":53,"column":28},"end":{"line":53,"column":52}}},"7":{"name":"(anonymous_7)","decl":{"start":{"line":59,"column":10},"end":{"line":59,"column":24}},"loc":{"start":{"line":59,"column":36},"end":{"line":67,"column":3}}},"8":{"name":"(anonymous_8)","decl":{"start":{"line":69,"column":10},"end":{"line":69,"column":24}},"loc":{"start":{"line":69,"column":36},"end":{"line":79,"column":3}}},"9":{"name":"(anonymous_9)","decl":{"start":{"line":76,"column":30},"end":{"line":76,"column":42}},"loc":{"start":{"line":77,"column":6},"end":{"line":77,"column":46}}}},"branchMap":{"0":{"loc":{"start":{"line":36,"column":6},"end":{"line":37,"column":null}},"type":"if","locations":[{"start":{"line":36,"column":6},"end":{"line":37,"column":null}},{"start":{"line":37,"column":11},"end":{"line":37,"column":null}}]},"1":{"loc":{"start":{"line":44,"column":4},"end":{"line":55,"column":5}},"type":"if","locations":[{"start":{"line":44,"column":4},"end":{"line":55,"column":5}},{"start":{"line":45,"column":9},"end":{"line":55,"column":5}}]},"2":{"loc":{"start":{"line":45,"column":9},"end":{"line":55,"column":5}},"type":"if","locations":[{"start":{"line":45,"column":9},"end":{"line":55,"column":5}},{"start":{"line":51,"column":9},"end":{"line":55,"column":5}}]},"3":{"loc":{"start":{"line":48,"column":29},"end":{"line":48,"column":89}},"type":"cond-expr","locations":[{"start":{"line":48,"column":43},"end":{"line":48,"column":75}},{"start":{"line":48,"column":78},"end":{"line":48,"column":89}}]},"4":{"loc":{"start":{"line":51,"column":9},"end":{"line":55,"column":5}},"type":"if","locations":[{"start":{"line":51,"column":9},"end":{"line":55,"column":5}}]},"5":{"loc":{"start":{"line":51,"column":13},"end":{"line":51,"column":56}},"type":"binary-expr","locations":[{"start":{"line":51,"column":13},"end":{"line":51,"column":38}},{"start":{"line":51,"column":42},"end":{"line":51,"column":56}}]},"6":{"loc":{"start":{"line":52,"column":13},"end":{"line":54,"column":36}},"type":"cond-expr","locations":[{"start":{"line":53,"column":10},"end":{"line":53,"column":53}},{"start":{"line":54,"column":10},"end":{"line":54,"column":36}}]}},"s":{"0":4,"1":59,"2":47,"3":0,"4":34,"5":47,"6":47,"7":98,"8":6,"9":92,"10":47,"11":128,"12":62,"13":66,"14":1,"15":1,"16":1,"17":1,"18":65,"19":48,"20":2,"21":17,"22":64,"23":64,"24":448,"25":64,"26":98,"27":98,"28":1879,"29":4},"f":{"0":59,"1":47,"2":0,"3":34,"4":47,"5":128,"6":2,"7":64,"8":98,"9":1879},"b":{"0":[6,92],"1":[62,66],"2":[1,65],"3":[1,0],"4":[48],"5":[65,48],"6":[1,47]}}
,"/Users/austin/shinzolabs/shinzo/packages/instrumentation-mcp/src/telemetry.ts": {"path":"/Users/austin/shinzolabs/shinzo/packages/instrumentation-mcp/src/telemetry.ts","statementMap":{"0":{"start":{"line":1,"column":0},"end":{"line":1,"column":87}},"1":{"start":{"line":2,"column":0},"end":{"line":2,"column":71}},"2":{"start":{"line":3,"column":0},"end":{"line":3,"column":121}},"3":{"start":{"line":4,"column":0},"end":{"line":4,"column":93}},"4":{"start":{"line":5,"column":0},"end":{"line":5,"column":72}},"5":{"start":{"line":6,"column":0},"end":{"line":6,"column":75}},"6":{"start":{"line":7,"column":0},"end":{"line":7,"column":78}},"7":{"start":{"line":8,"column":0},"end":{"line":8,"column":74}},"8":{"start":{"line":9,"column":0},"end":{"line":9,"column":67}},"9":{"start":{"line":11,"column":0},"end":{"line":11,"column":58}},"10":{"start":{"line":12,"column":0},"end":{"line":12,"column":42}},"11":{"start":{"line":13,"column":0},"end":{"line":13,"column":38}},"12":{"start":{"line":23,"column":10},"end":{"line":23,"column":null}},"13":{"start":{"line":26,"column":4},"end":{"line":26,"column":null}},"14":{"start":{"line":28,"column":4},"end":{"line":28,"column":null}},"15":{"start":{"line":29,"column":4},"end":{"line":29,"column":null}},"16":{"start":{"line":30,"column":4},"end":{"line":30,"column":null}},"17":{"start":{"line":32,"column":4},"end":{"line":34,"column":5}},"18":{"start":{"line":33,"column":6},"end":{"line":33,"column":null}},"19":{"start":{"line":36,"column":21},"end":{"line":40,"column":6}},"20":{"start":{"line":42,"column":53},"end":{"line":50,"column":null}},"21":{"start":{"line":52,"column":4},"end":{"line":54,"column":5}},"22":{"start":{"line":53,"column":6},"end":{"line":53,"column":null}},"23":{"start":{"line":56,"column":4},"end":{"line":62,"column":5}},"24":{"start":{"line":57,"column":6},"end":{"line":57,"column":null}},"25":{"start":{"line":59,"column":6},"end":{"line":61,"column":7}},"26":{"start":{"line":60,"column":8},"end":{"line":60,"column":null}},"27":{"start":{"line":64,"column":25},"end":{"line":64,"column":50}},"28":{"start":{"line":66,"column":4},"end":{"line":68,"column":5}},"29":{"start":{"line":67,"column":6},"end":{"line":67,"column":51}},"30":{"start":{"line":70,"column":4},"end":{"line":70,"column":null}},"31":{"start":{"line":72,"column":4},"end":{"line":72,"column":null}},"32":{"start":{"line":73,"column":4},"end":{"line":73,"column":null}},"33":{"start":{"line":75,"column":4},"end":{"line":75,"column":null}},"34":{"start":{"line":76,"column":4},"end":{"line":76,"column":null}},"35":{"start":{"line":80,"column":44},"end":{"line":80,"column":46}},"36":{"start":{"line":81,"column":4},"end":{"line":95,"column":5}},"37":{"start":{"line":82,"column":6},"end":{"line":94,"column":7}},"38":{"start":{"line":84,"column":10},"end":{"line":84,"column":null}},"39":{"start":{"line":85,"column":10},"end":{"line":85,"column":15}},"40":{"start":{"line":87,"column":10},"end":{"line":87,"column":null}},"41":{"start":{"line":88,"column":10},"end":{"line":88,"column":15}},"42":{"start":{"line":90,"column":26},"end":{"line":90,"column":133}},"43":{"start":{"line":91,"column":10},"end":{"line":91,"column":null}},"44":{"start":{"line":92,"column":10},"end":{"line":92,"column":15}},"45":{"start":{"line":97,"column":4},"end":{"line":97,"column":null}},"46":{"start":{"line":101,"column":4},"end":{"line":101,"column":null}},"47":{"start":{"line":101,"column":48},"end":{"line":101,"column":null}},"48":{"start":{"line":103,"column":20},"end":{"line":103,"column":41}},"49":{"start":{"line":104,"column":16},"end":{"line":106,"column":14}},"50":{"start":{"line":108,"column":4},"end":{"line":108,"column":null}},"51":{"start":{"line":112,"column":4},"end":{"line":112,"column":65}},"52":{"start":{"line":112,"column":48},"end":{"line":112,"column":65}},"53":{"start":{"line":114,"column":20},"end":{"line":114,"column":41}},"54":{"start":{"line":115,"column":16},"end":{"line":117,"column":15}},"55":{"start":{"line":119,"column":27},"end":{"line":119,"column":67}},"56":{"start":{"line":121,"column":4},"end":{"line":125,"column":null}},"57":{"start":{"line":129,"column":4},"end":{"line":129,"column":null}},"58":{"start":{"line":129,"column":29},"end":{"line":129,"column":null}},"59":{"start":{"line":130,"column":32},"end":{"line":130,"column":88}},"60":{"start":{"line":131,"column":4},"end":{"line":131,"column":null}},"61":{"start":{"line":135,"column":4},"end":{"line":135,"column":null}},"62":{"start":{"line":135,"column":29},"end":{"line":135,"column":null}},"63":{"start":{"line":136,"column":32},"end":{"line":136,"column":88}},"64":{"start":{"line":137,"column":4},"end":{"line":137,"column":null}},"65":{"start":{"line":141,"column":4},"end":{"line":141,"column":null}},"66":{"start":{"line":141,"column":29},"end":{"line":141,"column":null}},"67":{"start":{"line":142,"column":22},"end":{"line":142,"column":63}},"68":{"start":{"line":143,"column":4},"end":{"line":146,"column":null}},"69":{"start":{"line":144,"column":34},"end":{"line":144,"column":90}},"70":{"start":{"line":145,"column":6},"end":{"line":145,"column":null}},"71":{"start":{"line":150,"column":4},"end":{"line":150,"column":null}},"72":{"start":{"line":150,"column":29},"end":{"line":150,"column":null}},"73":{"start":{"line":151,"column":20},"end":{"line":151,"column":59}},"74":{"start":{"line":152,"column":4},"end":{"line":155,"column":null}},"75":{"start":{"line":153,"column":34},"end":{"line":153,"column":90}},"76":{"start":{"line":154,"column":6},"end":{"line":154,"column":null}},"77":{"start":{"line":159,"column":4},"end":{"line":159,"column":null}},"78":{"start":{"line":159,"column":47},"end":{"line":159,"column":null}},"79":{"start":{"line":161,"column":44},"end":{"line":161,"column":46}},"80":{"start":{"line":162,"column":20},"end":{"line":172,"column":5}},"81":{"start":{"line":163,"column":6},"end":{"line":171,"column":7}},"82":{"start":{"line":164,"column":22},"end":{"line":164,"column":30}},"83":{"start":{"line":165,"column":24},"end":{"line":165,"column":40}},"84":{"start":{"line":166,"column":8},"end":{"line":170,"column":9}},"85":{"start":{"line":167,"column":10},"end":{"line":167,"column":null}},"86":{"start":{"line":169,"column":10},"end":{"line":169,"column":null}},"87":{"start":{"line":173,"column":4},"end":{"line":173,"column":null}},"88":{"start":{"line":173,"column":46},"end":{"line":173,"column":null}},"89":{"start":{"line":174,"column":4},"end":{"line":174,"column":null}},"90":{"start":{"line":178,"column":4},"end":{"line":184,"column":5}},"91":{"start":{"line":179,"column":30},"end":{"line":182,"column":8}},"92":{"start":{"line":183,"column":6},"end":{"line":183,"column":null}},"93":{"start":{"line":188,"column":4},"end":{"line":188,"column":null}},"94":{"start":{"line":192,"column":24},"end":{"line":192,"column":35}},"95":{"start":{"line":194,"column":4},"end":{"line":198,"column":5}},"96":{"start":{"line":195,"column":6},"end":{"line":197,"column":7}},"97":{"start":{"line":196,"column":8},"end":{"line":196,"column":null}},"98":{"start":{"line":200,"column":4},"end":{"line":202,"column":5}},"99":{"start":{"line":201,"column":6},"end":{"line":201,"column":null}},"100":{"start":{"line":204,"column":4},"end":{"line":204,"column":null}},"101":{"start":{"line":208,"column":4},"end":{"line":208,"column":null}},"102":{"start":{"line":210,"column":4},"end":{"line":210,"column":null}},"103":{"start":{"line":210,"column":18},"end":{"line":210,"column":null}},"104":{"start":{"line":15,"column":0},"end":{"line":15,"column":13}}},"fnMap":{"0":{"name":"(anonymous_0)","decl":{"start":{"line":25,"column":2},"end":{"line":25,"column":14}},"loc":{"start":{"line":25,"column":37},"end":{"line":77,"column":3}}},"1":{"name":"(anonymous_1)","decl":{"start":{"line":79,"column":10},"end":{"line":79,"column":24}},"loc":{"start":{"line":79,"column":24},"end":{"line":98,"column":3}}},"2":{"name":"(anonymous_2)","decl":{"start":{"line":100,"column":10},"end":{"line":100,"column":29}},"loc":{"start":{"line":100,"column":29},"end":{"line":109,"column":3}}},"3":{"name":"(anonymous_3)","decl":{"start":{"line":111,"column":10},"end":{"line":111,"column":28}},"loc":{"start":{"line":111,"column":28},"end":{"line":126,"column":3}}},"4":{"name":"(anonymous_4)","decl":{"start":{"line":128,"column":9},"end":{"line":128,"column":24}},"loc":{"start":{"line":128,"column":96},"end":{"line":132,"column":3}}},"5":{"name":"(anonymous_5)","decl":{"start":{"line":134,"column":9},"end":{"line":134,"column":19}},"loc":{"start":{"line":134,"column":65},"end":{"line":138,"column":3}}},"6":{"name":"(anonymous_6)","decl":{"start":{"line":140,"column":9},"end":{"line":140,"column":21}},"loc":{"start":{"line":140,"column":58},"end":{"line":147,"column":3}}},"7":{"name":"(anonymous_7)","decl":{"start":{"line":143,"column":11},"end":{"line":143,"column":12}},"loc":{"start":{"line":143,"column":63},"end":{"line":146,"column":5}}},"8":{"name":"(anonymous_8)","decl":{"start":{"line":149,"column":9},"end":{"line":149,"column":28}},"loc":{"start":{"line":149,"column":65},"end":{"line":156,"column":3}}},"9":{"name":"(anonymous_9)","decl":{"start":{"line":152,"column":11},"end":{"line":152,"column":12}},"loc":{"start":{"line":152,"column":63},"end":{"line":155,"column":5}}},"10":{"name":"(anonymous_10)","decl":{"start":{"line":158,"column":9},"end":{"line":158,"column":30}},"loc":{"start":{"line":158,"column":75},"end":{"line":175,"column":3}}},"11":{"name":"(anonymous_11)","decl":{"start":{"line":162,"column":20},"end":{"line":162,"column":21}},"loc":{"start":{"line":162,"column":47},"end":{"line":172,"column":5}}},"12":{"name":"(anonymous_12)","decl":{"start":{"line":177,"column":10},"end":{"line":177,"column":31}},"loc":{"start":{"line":177,"column":31},"end":{"line":185,"column":3}}},"13":{"name":"(anonymous_13)","decl":{"start":{"line":187,"column":10},"end":{"line":187,"column":49}},"loc":{"start":{"line":187,"column":76},"end":{"line":189,"column":3}}},"14":{"name":"(anonymous_14)","decl":{"start":{"line":191,"column":9},"end":{"line":191,"column":35}},"loc":{"start":{"line":191,"column":61},"end":{"line":205,"column":3}}},"15":{"name":"(anonymous_15)","decl":{"start":{"line":207,"column":9},"end":{"line":207,"column":14}},"loc":{"start":{"line":207,"column":23},"end":{"line":211,"column":3}}}},"branchMap":{"0":{"loc":{"start":{"line":32,"column":4},"end":{"line":34,"column":5}},"type":"if","locations":[{"start":{"line":32,"column":4},"end":{"line":34,"column":5}}]},"1":{"loc":{"start":{"line":33,"column":26},"end":{"line":33,"column":67}},"type":"binary-expr","locations":[{"start":{"line":33,"column":26},"end":{"line":33,"column":45}},{"start":{"line":33,"column":49},"end":{"line":33,"column":67}}]},"2":{"loc":{"start":{"line":52,"column":4},"end":{"line":54,"column":5}},"type":"if","locations":[{"start":{"line":52,"column":4},"end":{"line":54,"column":5}}]},"3":{"loc":{"start":{"line":56,"column":4},"end":{"line":62,"column":5}},"type":"if","locations":[{"start":{"line":56,"column":4},"end":{"line":62,"column":5}}]},"4":{"loc":{"start":{"line":59,"column":6},"end":{"line":61,"column":7}},"type":"if","locations":[{"start":{"line":59,"column":6},"end":{"line":61,"column":7}}]},"5":{"loc":{"start":{"line":66,"column":4},"end":{"line":68,"column":5}},"type":"if","locations":[{"start":{"line":66,"column":4},"end":{"line":68,"column":5}}]},"6":{"loc":{"start":{"line":66,"column":8},"end":{"line":66,"column":49}},"type":"binary-expr","locations":[{"start":{"line":66,"column":8},"end":{"line":66,"column":33}},{"start":{"line":66,"column":37},"end":{"line":66,"column":49}}]},"7":{"loc":{"start":{"line":81,"column":4},"end":{"line":95,"column":5}},"type":"if","locations":[{"start":{"line":81,"column":4},"end":{"line":95,"column":5}}]},"8":{"loc":{"start":{"line":82,"column":6},"end":{"line":94,"column":7}},"type":"switch","locations":[{"start":{"line":83,"column":8},"end":{"line":85,"column":15}},{"start":{"line":86,"column":8},"end":{"line":88,"column":15}},{"start":{"line":89,"column":8},"end":{"line":93,"column":9}}]},"9":{"loc":{"start":{"line":101,"column":4},"end":{"line":101,"column":null}},"type":"if","locations":[{"start":{"line":101,"column":4},"end":{"line":101,"column":null}}]},"10":{"loc":{"start":{"line":105,"column":7},"end":{"line":105,"column":61}},"type":"cond-expr","locations":[{"start":{"line":105,"column":53},"end":{"line":105,"column":55}},{"start":{"line":105,"column":58},"end":{"line":105,"column":61}}]},"11":{"loc":{"start":{"line":112,"column":4},"end":{"line":112,"column":65}},"type":"if","locations":[{"start":{"line":112,"column":4},"end":{"line":112,"column":65}}]},"12":{"loc":{"start":{"line":116,"column":7},"end":{"line":116,"column":61}},"type":"cond-expr","locations":[{"start":{"line":116,"column":53},"end":{"line":116,"column":55}},{"start":{"line":116,"column":58},"end":{"line":116,"column":61}}]},"13":{"loc":{"start":{"line":123,"column":28},"end":{"line":123,"column":103}},"type":"binary-expr","locations":[{"start":{"line":123,"column":28},"end":{"line":123,"column":62}},{"start":{"line":123,"column":66},"end":{"line":123,"column":103}}]},"14":{"loc":{"start":{"line":124,"column":27},"end":{"line":124,"column":86}},"type":"binary-expr","locations":[{"start":{"line":124,"column":27},"end":{"line":124,"column":53}},{"start":{"line":124,"column":57},"end":{"line":124,"column":86}}]},"15":{"loc":{"start":{"line":129,"column":4},"end":{"line":129,"column":null}},"type":"if","locations":[{"start":{"line":129,"column":4},"end":{"line":129,"column":null}}]},"16":{"loc":{"start":{"line":135,"column":4},"end":{"line":135,"column":null}},"type":"if","locations":[{"start":{"line":135,"column":4},"end":{"line":135,"column":null}}]},"17":{"loc":{"start":{"line":141,"column":4},"end":{"line":141,"column":null}},"type":"if","locations":[{"start":{"line":141,"column":4},"end":{"line":141,"column":null}}]},"18":{"loc":{"start":{"line":150,"column":4},"end":{"line":150,"column":null}},"type":"if","locations":[{"start":{"line":150,"column":4},"end":{"line":150,"column":null}}]},"19":{"loc":{"start":{"line":158,"column":44},"end":{"line":158,"column":75}},"type":"default-arg","locations":[{"start":{"line":158,"column":53},"end":{"line":158,"column":75}}]},"20":{"loc":{"start":{"line":159,"column":4},"end":{"line":159,"column":null}},"type":"if","locations":[{"start":{"line":159,"column":4},"end":{"line":159,"column":null}}]},"21":{"loc":{"start":{"line":166,"column":8},"end":{"line":170,"column":9}},"type":"if","locations":[{"start":{"line":166,"column":8},"end":{"line":170,"column":9}},{"start":{"line":168,"column":15},"end":{"line":170,"column":9}}]},"22":{"loc":{"start":{"line":166,"column":12},"end":{"line":166,"column":71}},"type":"binary-expr","locations":[{"start":{"line":166,"column":12},"end":{"line":166,"column":17}},{"start":{"line":166,"column":21},"end":{"line":166,"column":46}},{"start":{"line":166,"column":50},"end":{"line":166,"column":71}}]},"23":{"loc":{"start":{"line":173,"column":4},"end":{"line":173,"column":null}},"type":"if","locations":[{"start":{"line":173,"column":4},"end":{"line":173,"column":null}}]},"24":{"loc":{"start":{"line":173,"column":8},"end":{"line":173,"column":44}},"type":"binary-expr","locations":[{"start":{"line":173,"column":8},"end":{"line":173,"column":14}},{"start":{"line":173,"column":18},"end":{"line":173,"column":44}}]},"25":{"loc":{"start":{"line":178,"column":4},"end":{"line":184,"column":5}},"type":"if","locations":[{"start":{"line":178,"column":4},"end":{"line":184,"column":5}}]},"26":{"loc":{"start":{"line":188,"column":83},"end":{"line":188,"column":93}},"type":"binary-expr","locations":[{"start":{"line":188,"column":83},"end":{"line":188,"column":87}},{"start":{"line":188,"column":91},"end":{"line":188,"column":93}}]},"27":{"loc":{"start":{"line":194,"column":4},"end":{"line":198,"column":5}},"type":"if","locations":[{"start":{"line":194,"column":4},"end":{"line":198,"column":5}}]},"28":{"loc":{"start":{"line":200,"column":4},"end":{"line":202,"column":5}},"type":"if","locations":[{"start":{"line":200,"column":4},"end":{"line":202,"column":5}}]},"29":{"loc":{"start":{"line":210,"column":4},"end":{"line":210,"column":null}},"type":"if","locations":[{"start":{"line":210,"column":4},"end":{"line":210,"column":null}}]}},"s":{"0":2,"1":2,"2":2,"3":2,"4":2,"5":2,"6":2,"7":2,"8":2,"9":2,"10":2,"11":2,"12":50,"13":50,"14":49,"15":49,"16":49,"17":49,"18":47,"19":49,"20":49,"21":49,"22":47,"23":49,"24":49,"25":49,"26":49,"27":49,"28":49,"29":35,"30":49,"31":49,"32":49,"33":49,"34":49,"35":70,"36":70,"37":6,"38":2,"39":2,"40":2,"41":2,"42":2,"43":2,"44":2,"45":70,"46":49,"47":14,"48":35,"49":35,"50":35,"51":49,"52":14,"53":35,"54":35,"55":35,"56":35,"57":0,"58":0,"59":0,"60":0,"61":2,"62":1,"63":1,"64":1,"65":19,"66":1,"67":18,"68":18,"69":18,"70":18,"71":2,"72":1,"73":1,"74":1,"75":1,"76":1,"77":6,"78":1,"79":5,"80":5,"81":4,"82":10,"83":10,"84":10,"85":1,"86":9,"87":5,"88":3,"89":5,"90":18,"91":17,"92":17,"93":20,"94":23,"95":23,"96":23,"97":1,"98":23,"99":22,"100":23,"101":18,"102":18,"103":17,"104":2},"f":{"0":50,"1":70,"2":49,"3":49,"4":0,"5":2,"6":19,"7":18,"8":2,"9":1,"10":6,"11":4,"12":18,"13":20,"14":23,"15":18},"b":{"0":[47],"1":[47,47],"2":[47],"3":[49],"4":[49],"5":[35],"6":[49,49],"7":[6],"8":[2,2,2],"9":[14],"10":[0,35],"11":[14],"12":[0,35],"13":[35,0],"14":[35,0],"15":[0],"16":[1],"17":[1],"18":[1],"19":[5],"20":[1],"21":[1,9],"22":[10,10,1],"23":[3],"24":[5,3],"25":[17],"26":[20,0],"27":[23],"28":[22],"29":[17]}}
,"/Users/austin/shinzolabs/shinzo/packages/instrumentation-mcp/src/utils.ts": {"path":"/Users/austin/shinzolabs/shinzo/packages/instrumentation-mcp/src/utils.ts","statementMap":{"0":{"start":{"line":1,"column":0},"end":{"line":1,"column":35}},"1":{"start":{"line":2,"column":0},"end":{"line":2,"column":19}},"2":{"start":{"line":4,"column":28},"end":{"line":6,"column":1}},"3":{"start":{"line":5,"column":2},"end":{"line":5,"column":null}},"4":{"start":{"line":4,"column":13},"end":{"line":4,"column":28}},"5":{"start":{"line":8,"column":30},"end":{"line":29,"column":3}},"6":{"start":{"line":9,"column":17},"end":{"line":9,"column":33}},"7":{"start":{"line":11,"column":30},"end":{"line":11,"column":52}},"8":{"start":{"line":12,"column":18},"end":{"line":12,"column":29}},"9":{"start":{"line":15,"column":4},"end":{"line":26,"column":5}},"10":{"start":{"line":16,"column":25},"end":{"line":16,"column":57}},"11":{"start":{"line":17,"column":6},"end":{"line":25,"column":7}},"12":{"start":{"line":18,"column":8},"end":{"line":23,"column":9}},"13":{"start":{"line":19,"column":10},"end":{"line":22,"column":11}},"14":{"start":{"line":20,"column":12},"end":{"line":20,"column":null}},"15":{"start":{"line":21,"column":12},"end":{"line":21,"column":17}},"16":{"start":{"line":24,"column":8},"end":{"line":24,"column":42}},"17":{"start":{"line":24,"column":37},"end":{"line":24,"column":42}},"18":{"start":{"line":28,"column":4},"end":{"line":28,"column":null}},"19":{"start":{"line":8,"column":13},"end":{"line":8,"column":30}}},"fnMap":{"0":{"name":"(anonymous_1)","decl":{"start":{"line":4,"column":28},"end":{"line":4,"column":31}},"loc":{"start":{"line":4,"column":33},"end":{"line":6,"column":1}}},"1":{"name":"(anonymous_2)","decl":{"start":{"line":8,"column":30},"end":{"line":8,"column":33}},"loc":{"start":{"line":8,"column":35},"end":{"line":29,"column":3}}}},"branchMap":{"0":{"loc":{"start":{"line":17,"column":6},"end":{"line":25,"column":7}},"type":"if","locations":[{"start":{"line":17,"column":6},"end":{"line":25,"column":7}}]},"1":{"loc":{"start":{"line":19,"column":10},"end":{"line":22,"column":11}},"type":"if","locations":[{"start":{"line":19,"column":10},"end":{"line":22,"column":11}}]},"2":{"loc":{"start":{"line":19,"column":14},"end":{"line":19,"column":56}},"type":"binary-expr","locations":[{"start":{"line":19,"column":14},"end":{"line":19,"column":37}},{"start":{"line":19,"column":41},"end":{"line":19,"column":56}}]},"3":{"loc":{"start":{"line":24,"column":8},"end":{"line":24,"column":42}},"type":"if","locations":[{"start":{"line":24,"column":8},"end":{"line":24,"column":42}}]}},"s":{"0":3,"1":3,"2":3,"3":49,"4":3,"5":3,"6":0,"7":0,"8":0,"9":0,"10":0,"11":0,"12":0,"13":0,"14":0,"15":0,"16":0,"17":0,"18":0,"19":3},"f":{"0":49,"1":0},"b":{"0":[0],"1":[0],"2":[0,0],"3":[0]}}
}
