TN:
SF:src/config.ts
FN:16,(anonymous_0)
FN:37,(anonymous_1)
FNF:2
FNH:2
FNDA:59,(anonymous_0)
FNDA:7,(anonymous_1)
DA:3,3
DA:15,3
DA:17,59
DA:19,57
DA:22,1
DA:24,56
DA:27,0
DA:29,56
DA:32,0
DA:34,56
DA:38,7
DA:40,3
DA:41,2
DA:43,2
DA:44,2
DA:46,2
DA:47,2
LF:17
LH:15
BRDA:17,0,0,2
BRDA:17,1,0,59
BRDA:17,1,1,2
BRDA:19,2,0,1
BRDA:20,3,0,57
BRDA:20,3,1,49
BRDA:20,3,2,49
BRDA:24,4,0,0
BRDA:25,5,0,56
BRDA:25,5,1,0
BRDA:29,6,0,0
BRDA:30,7,0,56
BRDA:30,7,1,0
BRDA:34,8,0,7
BRDA:38,9,0,3
BRDA:38,9,1,2
BRDA:38,9,2,2
BRDA:40,10,0,1
BRDA:43,11,0,0
BRDA:46,12,0,0
BRDA:46,13,0,2
BRDA:46,13,1,2
BRF:22
BRH:16
end_of_record
TN:
SF:src/index.ts
FN:8,initializeAgentObservability
FN:17,(anonymous_1)
FN:20,(anonymous_2)
FN:23,(anonymous_3)
FN:26,(anonymous_4)
FN:29,(anonymous_5)
FN:35,(anonymous_6)
FN:36,(anonymous_7)
FN:37,(anonymous_8)
FNF:9
FNH:4
FNDA:16,initializeAgentObservability
FNDA:0,(anonymous_1)
FNDA:0,(anonymous_2)
FNDA:0,(anonymous_3)
FNDA:0,(anonymous_4)
FNDA:17,(anonymous_5)
FNDA:0,(anonymous_6)
FNDA:2,(anonymous_7)
FNDA:2,(anonymous_8)
DA:1,2
DA:2,2
DA:8,2
DA:12,16
DA:13,15
DA:14,15
DA:16,15
DA:18,0
DA:21,0
DA:24,0
DA:27,0
DA:30,17
DA:35,2
DA:36,4
DA:37,4
LF:15
LH:11
BRF:0
BRH:0
end_of_record
TN:
SF:src/instrumentation.ts
FN:11,(anonymous_0)
FN:16,(anonymous_1)
FN:31,(anonymous_2)
FN:38,(anonymous_3)
FN:47,(anonymous_4)
FN:51,(anonymous_5)
FN:55,(anonymous_6)
FN:59,(anonymous_7)
FN:63,(anonymous_8)
FN:67,(anonymous_9)
FN:71,(anonymous_10)
FN:75,(anonymous_11)
FN:79,(anonymous_12)
FN:98,(anonymous_13)
FN:107,(anonymous_14)
FNF:15
FNH:11
FNDA:30,(anonymous_0)
FNDA:27,(anonymous_1)
FNDA:26,(anonymous_2)
FNDA:0,(anonymous_3)
FNDA:26,(anonymous_4)
FNDA:26,(anonymous_5)
FNDA:26,(anonymous_6)
FNDA:26,(anonymous_7)
FNDA:26,(anonymous_8)
FNDA:26,(anonymous_9)
FNDA:26,(anonymous_10)
FNDA:26,(anonymous_11)
FNDA:0,(anonymous_12)
FNDA:0,(anonymous_13)
FNDA:0,(anonymous_14)
DA:2,2
DA:3,2
DA:6,2
DA:9,30
DA:12,30
DA:13,30
DA:17,27
DA:19,26
DA:20,26
DA:21,26
DA:22,26
DA:23,26
DA:24,26
DA:25,26
DA:26,26
DA:27,26
DA:28,26
DA:32,26
DA:33,1
DA:36,25
DA:38,25
DA:39,0
DA:40,0
DA:41,0
DA:43,0
DA:80,0
DA:81,0
DA:83,0
DA:88,0
DA:93,0
DA:98,0
DA:99,0
DA:107,0
DA:108,0
DA:113,0
DA:115,0
DA:116,0
DA:117,0
DA:119,0
DA:120,0
DA:123,0
DA:124,0
DA:126,0
DA:131,0
DA:133,0
DA:135,0
LF:46
LH:21
BRDA:17,0,0,1
BRDA:32,1,0,1
BRDA:32,2,0,26
BRDA:32,2,1,25
BRDA:40,3,0,0
BRDA:103,4,0,0
BRDA:103,4,1,0
BRDA:128,5,0,0
BRDA:128,5,1,0
BRDA:133,6,0,0
BRF:10
BRH:4
end_of_record
TN:
SF:src/sanitizer.ts
FN:6,(anonymous_0)
FN:18,(anonymous_1)
FN:20,(anonymous_2)
FN:28,(anonymous_3)
FN:32,(anonymous_4)
FN:43,(anonymous_5)
FN:53,(anonymous_6)
FN:59,(anonymous_7)
FN:69,(anonymous_8)
FN:76,(anonymous_9)
FNF:10
FNH:9
FNDA:59,(anonymous_0)
FNDA:47,(anonymous_1)
FNDA:0,(anonymous_2)
FNDA:34,(anonymous_3)
FNDA:47,(anonymous_4)
FNDA:128,(anonymous_5)
FNDA:2,(anonymous_6)
FNDA:64,(anonymous_7)
FNDA:98,(anonymous_8)
FNDA:1879,(anonymous_9)
DA:1,4
DA:3,4
DA:7,59
DA:19,47
DA:20,0
DA:29,34
DA:33,47
DA:35,47
DA:36,98
DA:37,92
DA:40,47
DA:44,128
DA:45,66
DA:46,1
DA:47,1
DA:48,1
DA:49,1
DA:51,65
DA:52,48
DA:53,2
DA:56,17
DA:60,64
DA:62,64
DA:63,448
DA:66,64
DA:70,98
DA:76,98
DA:77,1879
LF:28
LH:27
BRDA:36,0,0,6
BRDA:36,0,1,92
BRDA:44,1,0,62
BRDA:44,1,1,66
BRDA:45,2,0,1
BRDA:45,2,1,65
BRDA:48,3,0,1
BRDA:48,3,1,0
BRDA:51,4,0,48
BRDA:51,5,0,65
BRDA:51,5,1,48
BRDA:52,6,0,1
BRDA:52,6,1,47
BRF:13
BRH:12
end_of_record
TN:
SF:src/telemetry.ts
FN:25,(anonymous_0)
FN:79,(anonymous_1)
FN:100,(anonymous_2)
FN:111,(anonymous_3)
FN:128,(anonymous_4)
FN:134,(anonymous_5)
FN:140,(anonymous_6)
FN:143,(anonymous_7)
FN:149,(anonymous_8)
FN:152,(anonymous_9)
FN:158,(anonymous_10)
FN:162,(anonymous_11)
FN:177,(anonymous_12)
FN:187,(anonymous_13)
FN:191,(anonymous_14)
FN:207,(anonymous_15)
FNF:16
FNH:15
FNDA:50,(anonymous_0)
FNDA:70,(anonymous_1)
FNDA:49,(anonymous_2)
FNDA:49,(anonymous_3)
FNDA:0,(anonymous_4)
FNDA:2,(anonymous_5)
FNDA:19,(anonymous_6)
FNDA:18,(anonymous_7)
FNDA:2,(anonymous_8)
FNDA:1,(anonymous_9)
FNDA:6,(anonymous_10)
FNDA:4,(anonymous_11)
FNDA:18,(anonymous_12)
FNDA:20,(anonymous_13)
FNDA:23,(anonymous_14)
FNDA:18,(anonymous_15)
DA:1,2
DA:2,2
DA:3,2
DA:4,2
DA:5,2
DA:6,2
DA:7,2
DA:8,2
DA:9,2
DA:11,2
DA:12,2
DA:13,2
DA:15,2
DA:23,50
DA:26,50
DA:28,49
DA:29,49
DA:30,49
DA:32,49
DA:33,47
DA:36,49
DA:42,49
DA:52,49
DA:53,47
DA:56,49
DA:57,49
DA:59,49
DA:60,49
DA:64,49
DA:66,49
DA:67,35
DA:70,49
DA:72,49
DA:73,49
DA:75,49
DA:76,49
DA:80,70
DA:81,70
DA:82,6
DA:84,2
DA:85,2
DA:87,2
DA:88,2
DA:90,2
DA:91,2
DA:92,2
DA:97,70
DA:101,49
DA:103,35
DA:104,35
DA:108,35
DA:112,49
DA:114,35
DA:115,35
DA:119,35
DA:121,35
DA:129,0
DA:130,0
DA:131,0
DA:135,2
DA:136,1
DA:137,1
DA:141,19
DA:142,18
DA:143,18
DA:144,18
DA:145,18
DA:150,2
DA:151,1
DA:152,1
DA:153,1
DA:154,1
DA:159,6
DA:161,5
DA:162,5
DA:163,4
DA:164,10
DA:165,10
DA:166,10
DA:167,1
DA:169,9
DA:173,5
DA:174,5
DA:178,18
DA:179,17
DA:183,17
DA:188,20
DA:192,23
DA:194,23
DA:195,23
DA:196,1
DA:200,23
DA:201,22
DA:204,23
DA:208,18
DA:210,18
LF:96
LH:93
BRDA:32,0,0,47
BRDA:33,1,0,47
BRDA:33,1,1,47
BRDA:52,2,0,47
BRDA:56,3,0,49
BRDA:59,4,0,49
BRDA:66,5,0,35
BRDA:66,6,0,49
BRDA:66,6,1,49
BRDA:81,7,0,6
BRDA:82,8,0,2
BRDA:82,8,1,2
BRDA:82,8,2,2
BRDA:101,9,0,14
BRDA:105,10,0,0
BRDA:105,10,1,35
BRDA:112,11,0,14
BRDA:116,12,0,0
BRDA:116,12,1,35
BRDA:123,13,0,35
BRDA:123,13,1,0
BRDA:124,14,0,35
BRDA:124,14,1,0
BRDA:129,15,0,0
BRDA:135,16,0,1
BRDA:141,17,0,1
BRDA:150,18,0,1
BRDA:158,19,0,5
BRDA:159,20,0,1
BRDA:166,21,0,1
BRDA:166,21,1,9
BRDA:166,22,0,10
BRDA:166,22,1,10
BRDA:166,22,2,1
BRDA:173,23,0,3
BRDA:173,24,0,5
BRDA:173,24,1,3
BRDA:178,25,0,17
BRDA:188,26,0,20
BRDA:188,26,1,0
BRDA:194,27,0,23
BRDA:200,28,0,22
BRDA:210,29,0,17
BRF:43
BRH:37
end_of_record
TN:
SF:src/utils.ts
FN:4,(anonymous_1)
FN:8,(anonymous_2)
FNF:2
FNH:1
FNDA:49,(anonymous_1)
FNDA:0,(anonymous_2)
DA:1,3
DA:2,3
DA:4,3
DA:5,49
DA:8,3
DA:9,0
DA:11,0
DA:12,0
DA:15,0
DA:16,0
DA:17,0
DA:18,0
DA:19,0
DA:20,0
DA:21,0
DA:24,0
DA:28,0
LF:17
LH:5
BRDA:17,0,0,0
BRDA:19,1,0,0
BRDA:19,2,0,0
BRDA:19,2,1,0
BRDA:24,3,0,0
BRF:5
BRH:0
end_of_record
