TN:
SF:src/config.ts
FN:15,(anonymous_0)
FN:36,(anonymous_1)
FNF:2
FNH:2
FNDA:49,(anonymous_0)
FNDA:7,(anonymous_1)
DA:3,3
DA:14,3
DA:16,49
DA:18,47
DA:21,1
DA:23,46
DA:26,0
DA:28,46
DA:31,0
DA:33,46
DA:37,7
DA:39,3
DA:40,2
DA:42,2
DA:43,2
DA:45,2
DA:46,2
LF:17
LH:15
BRDA:16,0,0,2
BRDA:16,1,0,49
BRDA:16,1,1,2
BRDA:18,2,0,1
BRDA:19,3,0,47
BRDA:19,3,1,39
BRDA:19,3,2,39
BRDA:23,4,0,0
BRDA:24,5,0,46
BRDA:24,5,1,0
BRDA:28,6,0,0
BRDA:29,7,0,46
BRDA:29,7,1,0
BRDA:33,8,0,7
BRDA:37,9,0,3
BRDA:37,9,1,2
BRDA:37,9,2,2
BRDA:39,10,0,1
BRDA:42,11,0,0
BRDA:45,12,0,0
BRDA:45,13,0,2
BRDA:45,13,1,2
BRF:22
BRH:16
end_of_record
TN:
SF:src/index.ts
FN:8,initializeAgentObservability
FN:17,(anonymous_1)
FN:20,(anonymous_2)
FN:23,(anonymous_3)
FN:26,(anonymous_4)
FN:29,(anonymous_5)
FN:35,(anonymous_6)
FN:36,(anonymous_7)
FN:37,(anonymous_8)
FNF:9
FNH:4
FNDA:16,initializeAgentObservability
FNDA:0,(anonymous_1)
FNDA:0,(anonymous_2)
FNDA:0,(anonymous_3)
FNDA:0,(anonymous_4)
FNDA:17,(anonymous_5)
FNDA:0,(anonymous_6)
FNDA:2,(anonymous_7)
FNDA:2,(anonymous_8)
DA:1,5
DA:2,5
DA:8,5
DA:12,16
DA:13,15
DA:14,15
DA:16,15
DA:18,0
DA:21,0
DA:24,0
DA:27,0
DA:30,17
DA:35,5
DA:36,7
DA:37,7
LF:15
LH:11
BRF:0
BRH:0
end_of_record
TN:
SF:src/instrumentation.ts
FN:11,(anonymous_0)
FN:16,(anonymous_1)
FN:31,(anonymous_2)
FN:38,(anonymous_3)
FN:47,(anonymous_4)
FN:51,(anonymous_5)
FN:55,(anonymous_6)
FN:59,(anonymous_7)
FN:63,(anonymous_8)
FN:67,(anonymous_9)
FN:71,(anonymous_10)
FN:75,(anonymous_11)
FN:79,(anonymous_12)
FN:81,(anonymous_13)
FN:96,(anonymous_14)
FN:115,(anonymous_15)
FN:124,(anonymous_16)
FNF:17
FNH:13
FNDA:27,(anonymous_0)
FNDA:27,(anonymous_1)
FNDA:26,(anonymous_2)
FNDA:0,(anonymous_3)
FNDA:26,(anonymous_4)
FNDA:26,(anonymous_5)
FNDA:26,(anonymous_6)
FNDA:26,(anonymous_7)
FNDA:26,(anonymous_8)
FNDA:26,(anonymous_9)
FNDA:26,(anonymous_10)
FNDA:26,(anonymous_11)
FNDA:1,(anonymous_12)
FNDA:2,(anonymous_13)
FNDA:0,(anonymous_14)
FNDA:0,(anonymous_15)
FNDA:0,(anonymous_16)
DA:2,2
DA:3,2
DA:6,2
DA:9,27
DA:12,27
DA:13,27
DA:17,27
DA:19,26
DA:20,26
DA:21,26
DA:22,26
DA:23,26
DA:24,26
DA:25,26
DA:26,26
DA:27,26
DA:28,26
DA:32,26
DA:33,1
DA:36,25
DA:38,25
DA:39,0
DA:40,0
DA:41,0
DA:43,0
DA:80,1
DA:81,1
DA:82,2
DA:83,6
DA:84,6
DA:85,6
DA:86,1
DA:88,5
DA:92,1
DA:93,1
DA:97,0
DA:98,0
DA:100,0
DA:105,0
DA:110,0
DA:115,0
DA:116,0
DA:124,0
DA:125,0
DA:130,0
DA:132,0
DA:133,0
DA:134,0
DA:136,0
DA:137,0
DA:140,0
DA:141,0
DA:143,0
DA:148,0
DA:150,0
DA:152,0
LF:56
LH:31
BRDA:17,0,0,1
BRDA:32,1,0,1
BRDA:32,2,0,26
BRDA:32,2,1,25
BRDA:40,3,0,0
BRDA:79,4,0,1
BRDA:85,5,0,1
BRDA:85,5,1,5
BRDA:85,6,0,6
BRDA:85,6,1,6
BRDA:85,6,2,1
BRDA:92,7,0,1
BRDA:92,8,0,1
BRDA:92,8,1,1
BRDA:120,9,0,0
BRDA:120,9,1,0
BRDA:145,10,0,0
BRDA:145,10,1,0
BRDA:150,11,0,0
BRF:19
BRH:13
end_of_record
TN:
SF:src/sanitizer.ts
FN:6,(anonymous_0)
FN:18,(anonymous_1)
FN:20,(anonymous_2)
FN:28,(anonymous_3)
FN:32,(anonymous_4)
FN:43,(anonymous_5)
FN:53,(anonymous_6)
FN:59,(anonymous_7)
FN:69,(anonymous_8)
FN:76,(anonymous_9)
FNF:10
FNH:9
FNDA:49,(anonymous_0)
FNDA:37,(anonymous_1)
FNDA:0,(anonymous_2)
FNDA:34,(anonymous_3)
FNDA:47,(anonymous_4)
FNDA:128,(anonymous_5)
FNDA:2,(anonymous_6)
FNDA:64,(anonymous_7)
FNDA:98,(anonymous_8)
FNDA:1879,(anonymous_9)
DA:1,7
DA:3,7
DA:7,49
DA:19,37
DA:20,0
DA:29,34
DA:33,47
DA:35,47
DA:36,98
DA:37,92
DA:40,47
DA:44,128
DA:45,66
DA:46,1
DA:47,1
DA:48,1
DA:49,1
DA:51,65
DA:52,48
DA:53,2
DA:56,17
DA:60,64
DA:62,64
DA:63,448
DA:66,64
DA:70,98
DA:76,98
DA:77,1879
LF:28
LH:27
BRDA:36,0,0,6
BRDA:36,0,1,92
BRDA:44,1,0,62
BRDA:44,1,1,66
BRDA:45,2,0,1
BRDA:45,2,1,65
BRDA:48,3,0,1
BRDA:48,3,1,0
BRDA:51,4,0,48
BRDA:51,5,0,65
BRDA:51,5,1,48
BRDA:52,6,0,1
BRDA:52,6,1,47
BRF:13
BRH:12
end_of_record
TN:
SF:src/telemetry.ts
FN:25,(anonymous_0)
FN:79,(anonymous_1)
FN:100,(anonymous_2)
FN:111,(anonymous_3)
FN:128,(anonymous_4)
FN:134,(anonymous_5)
FN:140,(anonymous_6)
FN:143,(anonymous_7)
FN:149,(anonymous_8)
FN:152,(anonymous_9)
FN:158,(anonymous_10)
FN:168,(anonymous_11)
FN:172,(anonymous_12)
FN:188,(anonymous_13)
FNF:14
FNH:13
FNDA:40,(anonymous_0)
FNDA:50,(anonymous_1)
FNDA:39,(anonymous_2)
FNDA:39,(anonymous_3)
FNDA:0,(anonymous_4)
FNDA:2,(anonymous_5)
FNDA:19,(anonymous_6)
FNDA:18,(anonymous_7)
FNDA:2,(anonymous_8)
FNDA:1,(anonymous_9)
FNDA:18,(anonymous_10)
FNDA:20,(anonymous_11)
FNDA:23,(anonymous_12)
FNDA:18,(anonymous_13)
DA:1,2
DA:2,2
DA:3,2
DA:4,2
DA:5,2
DA:6,2
DA:7,2
DA:8,2
DA:9,2
DA:11,2
DA:12,2
DA:13,2
DA:15,2
DA:23,40
DA:26,40
DA:28,39
DA:29,39
DA:30,39
DA:32,39
DA:33,37
DA:36,39
DA:42,39
DA:52,39
DA:53,37
DA:56,39
DA:57,39
DA:59,39
DA:60,39
DA:64,39
DA:66,39
DA:67,25
DA:70,39
DA:72,39
DA:73,39
DA:75,39
DA:76,39
DA:80,50
DA:81,50
DA:82,6
DA:84,2
DA:85,2
DA:87,2
DA:88,2
DA:90,2
DA:91,2
DA:92,2
DA:97,50
DA:101,39
DA:103,25
DA:104,25
DA:108,25
DA:112,39
DA:114,25
DA:115,25
DA:119,25
DA:121,25
DA:129,0
DA:130,0
DA:131,0
DA:135,2
DA:136,1
DA:137,1
DA:141,19
DA:142,18
DA:143,18
DA:144,18
DA:145,18
DA:150,2
DA:151,1
DA:152,1
DA:153,1
DA:154,1
DA:159,18
DA:160,17
DA:164,17
DA:169,20
DA:173,23
DA:175,23
DA:176,23
DA:177,1
DA:181,23
DA:182,22
DA:185,23
DA:189,18
DA:191,18
LF:85
LH:82
BRDA:32,0,0,37
BRDA:33,1,0,37
BRDA:33,1,1,37
BRDA:52,2,0,37
BRDA:56,3,0,39
BRDA:59,4,0,39
BRDA:66,5,0,25
BRDA:66,6,0,39
BRDA:66,6,1,39
BRDA:81,7,0,6
BRDA:82,8,0,2
BRDA:82,8,1,2
BRDA:82,8,2,2
BRDA:101,9,0,14
BRDA:105,10,0,0
BRDA:105,10,1,25
BRDA:112,11,0,14
BRDA:116,12,0,0
BRDA:116,12,1,25
BRDA:123,13,0,25
BRDA:123,13,1,0
BRDA:124,14,0,25
BRDA:124,14,1,0
BRDA:129,15,0,0
BRDA:135,16,0,1
BRDA:141,17,0,1
BRDA:150,18,0,1
BRDA:159,19,0,17
BRDA:169,20,0,20
BRDA:169,20,1,0
BRDA:175,21,0,23
BRDA:181,22,0,22
BRDA:191,23,0,17
BRF:33
BRH:27
end_of_record
TN:
SF:src/utils.ts
FN:4,(anonymous_1)
FN:8,(anonymous_2)
FNF:2
FNH:1
FNDA:39,(anonymous_1)
FNDA:0,(anonymous_2)
DA:1,3
DA:2,3
DA:4,3
DA:5,39
DA:8,3
DA:9,0
DA:11,0
DA:12,0
DA:15,0
DA:16,0
DA:17,0
DA:18,0
DA:19,0
DA:20,0
DA:21,0
DA:24,0
DA:28,0
LF:17
LH:5
BRDA:17,0,0,0
BRDA:19,1,0,0
BRDA:19,2,0,0
BRDA:19,2,1,0
BRDA:24,3,0,0
BRF:5
BRH:0
end_of_record
