TN:
SF:src/config.ts
FN:15,(anonymous_0)
FN:36,(anonymous_1)
FNF:2
FNH:2
FNDA:23,(anonymous_0)
FNDA:4,(anonymous_1)
DA:3,3
DA:14,3
DA:16,23
DA:18,21
DA:21,1
DA:23,20
DA:26,0
DA:28,20
DA:31,0
DA:33,20
DA:37,4
DA:39,2
DA:40,1
DA:42,1
DA:43,1
DA:45,1
DA:46,1
LF:17
LH:15
BRDA:16,0,0,2
BRDA:16,1,0,23
BRDA:16,1,1,2
BRDA:18,2,0,1
BRDA:19,3,0,21
BRDA:19,3,1,14
BRDA:19,3,2,14
BRDA:23,4,0,0
BRDA:24,5,0,20
BRDA:24,5,1,0
BRDA:28,6,0,0
BRDA:29,7,0,20
BRDA:29,7,1,0
BRDA:33,8,0,4
BRDA:37,9,0,2
BRDA:37,9,1,1
BRDA:37,9,2,1
BRDA:39,10,0,1
BRDA:42,11,0,0
BRDA:45,12,0,0
BRDA:45,13,0,1
BRDA:45,13,1,1
BRF:22
BRH:16
end_of_record
TN:
SF:src/index.ts
FN:9,initializeAgentObservability
FN:20,(anonymous_1)
FN:23,(anonymous_2)
FN:26,(anonymous_3)
FN:29,(anonymous_4)
FN:32,(anonymous_5)
FN:38,(anonymous_6)
FN:39,(anonymous_7)
FN:40,(anonymous_8)
FNF:9
FNH:4
FNDA:16,initializeAgentObservability
FNDA:0,(anonymous_1)
FNDA:0,(anonymous_2)
FNDA:0,(anonymous_3)
FNDA:0,(anonymous_4)
FNDA:1,(anonymous_5)
FNDA:0,(anonymous_6)
FNDA:2,(anonymous_7)
FNDA:2,(anonymous_8)
DA:1,5
DA:2,5
DA:3,5
DA:9,5
DA:13,16
DA:15,15
DA:16,2
DA:17,2
DA:19,2
DA:21,0
DA:24,0
DA:27,0
DA:30,0
DA:33,1
DA:38,5
DA:39,7
DA:40,7
LF:17
LH:13
BRF:0
BRH:0
end_of_record
TN:
SF:src/instrumentation.ts
FN:11,(anonymous_0)
FN:16,(anonymous_1)
FN:31,(anonymous_2)
FN:38,(anonymous_3)
FN:47,(anonymous_4)
FN:51,(anonymous_5)
FN:55,(anonymous_6)
FN:59,(anonymous_7)
FN:63,(anonymous_8)
FN:67,(anonymous_9)
FN:71,(anonymous_10)
FN:75,(anonymous_11)
FN:79,(anonymous_12)
FN:81,(anonymous_13)
FN:96,(anonymous_14)
FN:115,(anonymous_15)
FN:124,(anonymous_16)
FNF:17
FNH:13
FNDA:14,(anonymous_0)
FNDA:14,(anonymous_1)
FNDA:13,(anonymous_2)
FNDA:0,(anonymous_3)
FNDA:13,(anonymous_4)
FNDA:13,(anonymous_5)
FNDA:13,(anonymous_6)
FNDA:13,(anonymous_7)
FNDA:13,(anonymous_8)
FNDA:13,(anonymous_9)
FNDA:13,(anonymous_10)
FNDA:13,(anonymous_11)
FNDA:1,(anonymous_12)
FNDA:2,(anonymous_13)
FNDA:0,(anonymous_14)
FNDA:0,(anonymous_15)
FNDA:0,(anonymous_16)
DA:2,2
DA:3,2
DA:6,2
DA:9,14
DA:12,14
DA:13,14
DA:17,14
DA:19,13
DA:20,13
DA:21,13
DA:22,13
DA:23,13
DA:24,13
DA:25,13
DA:26,13
DA:27,13
DA:28,13
DA:32,13
DA:33,0
DA:36,13
DA:38,13
DA:39,0
DA:40,0
DA:41,0
DA:43,0
DA:80,1
DA:81,1
DA:82,2
DA:83,6
DA:84,6
DA:85,6
DA:86,1
DA:88,5
DA:92,1
DA:93,1
DA:97,0
DA:98,0
DA:100,0
DA:105,0
DA:110,0
DA:115,0
DA:116,0
DA:124,0
DA:125,0
DA:130,0
DA:132,0
DA:133,0
DA:134,0
DA:136,0
DA:137,0
DA:140,0
DA:141,0
DA:143,0
DA:148,0
DA:150,0
DA:152,0
LF:56
LH:30
BRDA:17,0,0,1
BRDA:32,1,0,0
BRDA:32,2,0,13
BRDA:32,2,1,13
BRDA:40,3,0,0
BRDA:79,4,0,1
BRDA:85,5,0,1
BRDA:85,5,1,5
BRDA:85,6,0,6
BRDA:85,6,1,6
BRDA:85,6,2,1
BRDA:92,7,0,1
BRDA:92,8,0,1
BRDA:92,8,1,1
BRDA:120,9,0,0
BRDA:120,9,1,0
BRDA:145,10,0,0
BRDA:145,10,1,0
BRDA:150,11,0,0
BRF:19
BRH:12
end_of_record
TN:
SF:src/sanitizer.ts
FN:6,(anonymous_0)
FN:18,(anonymous_1)
FN:20,(anonymous_2)
FN:28,(anonymous_3)
FN:32,(anonymous_4)
FN:43,(anonymous_5)
FN:53,(anonymous_6)
FN:59,(anonymous_7)
FN:69,(anonymous_8)
FN:76,(anonymous_9)
FNF:10
FNH:9
FNDA:49,(anonymous_0)
FNDA:24,(anonymous_1)
FNDA:0,(anonymous_2)
FNDA:18,(anonymous_3)
FNDA:31,(anonymous_4)
FNDA:96,(anonymous_5)
FNDA:2,(anonymous_6)
FNDA:48,(anonymous_7)
FNDA:82,(anonymous_8)
FNDA:1559,(anonymous_9)
DA:1,7
DA:3,7
DA:7,49
DA:19,24
DA:20,0
DA:29,18
DA:33,31
DA:35,31
DA:36,82
DA:37,76
DA:40,31
DA:44,96
DA:45,50
DA:46,1
DA:47,1
DA:48,1
DA:49,1
DA:51,49
DA:52,32
DA:53,2
DA:56,17
DA:60,48
DA:62,48
DA:63,336
DA:66,48
DA:70,82
DA:76,82
DA:77,1559
LF:28
LH:27
BRDA:36,0,0,6
BRDA:36,0,1,76
BRDA:44,1,0,46
BRDA:44,1,1,50
BRDA:45,2,0,1
BRDA:45,2,1,49
BRDA:48,3,0,1
BRDA:48,3,1,0
BRDA:51,4,0,32
BRDA:51,5,0,49
BRDA:51,5,1,32
BRDA:52,6,0,1
BRDA:52,6,1,31
BRF:13
BRH:12
end_of_record
TN:
SF:src/telemetry.ts
FN:25,(anonymous_0)
FN:77,(anonymous_1)
FN:98,(anonymous_2)
FN:109,(anonymous_3)
FN:126,(anonymous_4)
FN:132,(anonymous_5)
FN:138,(anonymous_6)
FN:141,(anonymous_7)
FN:147,(anonymous_8)
FN:150,(anonymous_9)
FN:156,(anonymous_10)
FN:166,(anonymous_11)
FN:170,(anonymous_12)
FN:186,(anonymous_13)
FNF:14
FNH:13
FNDA:39,(anonymous_0)
FNDA:50,(anonymous_1)
FNDA:26,(anonymous_2)
FNDA:26,(anonymous_3)
FNDA:0,(anonymous_4)
FNDA:2,(anonymous_5)
FNDA:3,(anonymous_6)
FNDA:2,(anonymous_7)
FNDA:2,(anonymous_8)
FNDA:1,(anonymous_9)
FNDA:2,(anonymous_10)
FNDA:4,(anonymous_11)
FNDA:7,(anonymous_12)
FNDA:2,(anonymous_13)
DA:1,2
DA:2,2
DA:3,2
DA:4,2
DA:5,2
DA:6,2
DA:7,2
DA:8,2
DA:9,2
DA:11,2
DA:12,2
DA:13,2
DA:15,2
DA:23,39
DA:26,39
DA:27,39
DA:28,39
DA:30,39
DA:31,37
DA:34,39
DA:40,26
DA:50,26
DA:51,24
DA:54,26
DA:55,26
DA:57,26
DA:58,26
DA:62,26
DA:64,26
DA:65,25
DA:68,26
DA:70,26
DA:71,26
DA:73,26
DA:74,26
DA:78,50
DA:79,50
DA:80,6
DA:82,2
DA:83,2
DA:85,2
DA:86,2
DA:88,2
DA:89,2
DA:90,2
DA:95,50
DA:99,26
DA:101,25
DA:102,25
DA:106,25
DA:110,26
DA:112,25
DA:113,25
DA:117,25
DA:119,25
DA:127,0
DA:128,0
DA:129,0
DA:133,2
DA:134,1
DA:135,1
DA:139,3
DA:140,2
DA:141,2
DA:142,2
DA:143,2
DA:148,2
DA:149,1
DA:150,1
DA:151,1
DA:152,1
DA:157,2
DA:158,1
DA:162,1
DA:167,4
DA:171,7
DA:173,7
DA:174,7
DA:175,1
DA:179,7
DA:180,6
DA:183,7
DA:187,2
DA:189,2
LF:84
LH:81
BRDA:30,0,0,37
BRDA:31,1,0,37
BRDA:31,1,1,37
BRDA:50,2,0,24
BRDA:54,3,0,26
BRDA:57,4,0,26
BRDA:64,5,0,25
BRDA:64,6,0,26
BRDA:64,6,1,26
BRDA:79,7,0,6
BRDA:80,8,0,2
BRDA:80,8,1,2
BRDA:80,8,2,2
BRDA:99,9,0,1
BRDA:103,10,0,0
BRDA:103,10,1,25
BRDA:110,11,0,1
BRDA:114,12,0,0
BRDA:114,12,1,25
BRDA:121,13,0,25
BRDA:121,13,1,0
BRDA:122,14,0,25
BRDA:122,14,1,0
BRDA:127,15,0,0
BRDA:133,16,0,1
BRDA:139,17,0,1
BRDA:148,18,0,1
BRDA:157,19,0,1
BRDA:167,20,0,4
BRDA:167,20,1,0
BRDA:173,21,0,7
BRDA:179,22,0,6
BRDA:189,23,0,1
BRF:33
BRH:27
end_of_record
TN:
SF:src/utils.ts
FN:4,(anonymous_1)
FN:8,(anonymous_2)
FNF:2
FNH:1
FNDA:39,(anonymous_1)
FNDA:0,(anonymous_2)
DA:1,3
DA:2,3
DA:4,3
DA:5,39
DA:8,3
DA:9,0
DA:11,0
DA:12,0
DA:15,0
DA:16,0
DA:17,0
DA:18,0
DA:19,0
DA:20,0
DA:21,0
DA:24,0
DA:28,0
LF:17
LH:5
BRDA:17,0,0,0
BRDA:19,1,0,0
BRDA:19,2,0,0
BRDA:19,2,1,0
BRDA:24,3,0,0
BRF:5
BRH:0
end_of_record
